<?xml version="1.0" encoding="utf-8"?><testsuites name="pytest tests"><testsuite name="pytest" errors="0" failures="0" skipped="0" tests="27" time="7.651" timestamp="2026-03-13T21:00:36.368056+00:00" hostname="5CD5461WBW"><testcase classname="tests.10_integration_contracts.test_contract_pact" name="test_frontend_backend_contract" time="0.053" /><testcase classname="tests.10_integration_contracts.test_db_connection_pool" name="test_connection_pool_limits" time="5.579" /><testcase classname="tests.10_integration_contracts.test_edge_caching_cors" name="test_cors_and_edge_caching" time="0.001" /><testcase classname="tests.10_integration_contracts.test_iam_least_privilege" name="test_backend_iam_role_security" time="0.221" /><testcase classname="tests.10_integration_seams.test_network_seams" name="test_cors_rejects_malicious_origin" time="0.004" /><testcase classname="tests.11_observability_tracing.test_correlation_id" name="test_correlation_id_injected_into_response" time="0.002" /><testcase classname="tests.12_auth_rate_limiting.test_brute_force_lockout" name="test_ip_based_brute_force_lockout" time="0.275" /><testcase classname="tests.14_algorithmic_complexity.test_space_complexity" name="test_linear_memory_scaling" time="0.449" /><testcase classname="tests.14_algorithmic_complexity.test_time_complexity" name="test_linear_time_scaling" time="0.027" /><testcase classname="tests.15_concurrency_race_conditions.test_race_conditions" name="test_prevent_double_spend" time="0.053" /><testcase classname="tests.16_db_operational_safeguards.test_db_destructive_guards" name="test_prevent_intern_mistakes" time="0.000" /><testcase classname="tests.17_two_person_rule.test_two_person_rule" name="test_deployment_authorization" time="0.000" /><testcase classname="tests.18_infra_drift_prevention.test_infra_drift" name="test_infrastructure_drift" time="0.557" /><testcase classname="tests.19_deployment_rollbacks.test_automated_rollback" name="test_automated_rollback" time="0.000" /><testcase classname="tests.1_functional.test_bva" name="test_boundary_values[1e-06-200]" time="0.000" /><testcase classname="tests.1_functional.test_bva" name="test_boundary_values[9e-07-400]" time="0.000" /><testcase classname="tests.1_functional.test_bva" name="test_boundary_values[500.0-200]" time="0.000" /><testcase classname="tests.1_functional.test_bva" name="test_boundary_values[1000000000.0-200]" time="0.000" /><testcase classname="tests.1_functional.test_bva" name="test_boundary_values[1000000000.01-400]" time="0.000" /><testcase classname="tests.1_functional.test_bva" name="test_boundary_values[fifty-400]" time="0.000" /><testcase classname="tests.20_disaster_recovery.test_backup_integrity" name="test_verify_disaster_recovery_backup" time="0.000" /><testcase classname="tests.2_security.test_timing" name="test_timing_attack_resistance" time="0.103" /><testcase classname="tests.2_security_bola.test_bola" name="test_bola_unauthorized_access_is_blocked" time="0.003" /><testcase classname="tests.2_security_bola.test_bola" name="test_bola_authorized_access_is_permitted" time="0.002" /><testcase classname="tests.3_resilience.test_idempotency" name="test_idempotency_network_glitch" time="0.000" /><testcase classname="tests.6_database_state.test_transaction_rollback" name="test_atomic_rollback_on_failure" time="0.003" /><testcase classname="tests.8_ai_mcp_boundaries.test_mcp_security" name="test_prompt_injection_defense" time="0.000" /></testsuite></testsuites>